app/build/intermediates/manifest_merge_blame_file/debug/processDebugMainManifest/manifest-merger-blame-debug-report.txt
1<?xml version="1.0" encoding="utf-8"?>
2<manifest xmlns:android="http://schemas.android.com/apk/res/android"
3    package="com.example.globalcargoprinter"
4    android:versionCode="1"
5    android:versionName="1.0" >
6
7    <uses-sdk
7-->INJECTED
8        android:minSdkVersion="24"
8-->INJECTED
9        android:targetSdkVersion="36" />
9-->INJECTED
10
11    <uses-permission
11-->src\main\AndroidManifest.xml:5:5-7:38
12        android:name="android.permission.ACCESS_COARSE_LOCATION"
12-->src\main\AndroidManifest.xml:6:9-65
13        android:maxSdkVersion="30" />
13-->src\main\AndroidManifest.xml:7:9-35
14    <uses-permission
14-->src\main\AndroidManifest.xml:9:5-11:38
15        android:name="android.permission.ACCESS_FINE_LOCATION"
15-->src\main\AndroidManifest.xml:10:9-63
16        android:maxSdkVersion="30" />
16-->src\main\AndroidManifest.xml:11:9-35
17    <uses-permission
17-->src\main\AndroidManifest.xml:13:5-15:38
18        android:name="android.permission.BLUETOOTH"
18-->src\main\AndroidManifest.xml:14:9-52
19        android:maxSdkVersion="30" />
19-->src\main\AndroidManifest.xml:15:9-35
20    <uses-permission
20-->src\main\AndroidManifest.xml:17:5-19:38
21        android:name="android.permission.BLUETOOTH_ADMIN"
21-->src\main\AndroidManifest.xml:18:9-58
22        android:maxSdkVersion="30" />
22-->src\main\AndroidManifest.xml:19:9-35
23    <uses-permission android:name="android.permission.BLUETOOTH_CONNECT" />
23-->src\main\AndroidManifest.xml:21:5-22:63
23-->src\main\AndroidManifest.xml:22:9-60
24    <uses-permission
24-->src\main\AndroidManifest.xml:24:5-27:31
25        android:name="android.permission.BLUETOOTH_SCAN"
25-->src\main\AndroidManifest.xml:25:9-57
26        android:usesPermissionFlags="neverForLocation" />
26-->src\main\AndroidManifest.xml:26:9-55
27
28    <permission
28-->[androidx.core:core:1.10.1] AndroidManifest.xml:22:5-24:47
29        android:name="com.example.globalcargoprinter.DYNAMIC_RECEIVER_NOT_EXPORTED_PERMISSION"
29-->[androidx.core:core:1.10.1] AndroidManifest.xml:23:9-81
30        android:protectionLevel="signature" />
30-->[androidx.core:core:1.10.1] AndroidManifest.xml:24:9-44
31
32    <uses-permission android:name="com.example.globalcargoprinter.DYNAMIC_RECEIVER_NOT_EXPORTED_PERMISSION" />
32-->[androidx.core:core:1.10.1] AndroidManifest.xml:26:5-97
32-->[androidx.core:core:1.10.1] AndroidManifest.xml:26:22-94
33
34    <application
34-->src\main\AndroidManifest.xml:29:5-63:19
35        android:allowBackup="true"
35-->src\main\AndroidManifest.xml:30:9-35
36        android:appComponentFactory="androidx.core.app.CoreComponentFactory"
36-->[androidx.core:core:1.10.1] AndroidManifest.xml:28:18-86
37        android:dataExtractionRules="@xml/data_extraction_rules"
37-->src\main\AndroidManifest.xml:31:9-65
38        android:debuggable="true"
39        android:extractNativeLibs="false"
39-->INJECTED
40        android:fullBackupContent="@xml/backup_rules"
40-->src\main\AndroidManifest.xml:32:9-54
41        android:icon="@mipmap/ic_launcher"
41-->src\main\AndroidManifest.xml:33:9-43
42        android:label="@string/app_name"
42-->src\main\AndroidManifest.xml:34:9-41
43        android:roundIcon="@mipmap/ic_launcher_round"
43-->src\main\AndroidManifest.xml:35:9-54
44        android:supportsRtl="true"
44-->src\main\AndroidManifest.xml:36:9-35
45        android:testOnly="true"
46        android:theme="@style/Theme.FlashPrinter" >
46-->src\main\AndroidManifest.xml:37:9-50
47        <activity
47-->src\main\AndroidManifest.xml:39:9-61:20
48            android:name="com.example.globalcargoprinter.MainActivity"
48-->src\main\AndroidManifest.xml:40:13-41
49            android:exported="true" >
49-->src\main\AndroidManifest.xml:41:13-36
50            <intent-filter>
50-->src\main\AndroidManifest.xml:43:13-47:29
51                <action android:name="android.intent.action.SEND" />
51-->src\main\AndroidManifest.xml:44:17-69
51-->src\main\AndroidManifest.xml:44:25-66
52
53                <category android:name="android.intent.category.DEFAULT" />
53-->src\main\AndroidManifest.xml:45:17-76
53-->src\main\AndroidManifest.xml:45:27-73
54
55                <data android:mimeType="application/pdf" />
55-->src\main\AndroidManifest.xml:46:17-60
55-->src\main\AndroidManifest.xml:46:23-57
56            </intent-filter>
57            <intent-filter>
57-->src\main\AndroidManifest.xml:49:13-54:29
58                <action android:name="android.intent.action.VIEW" />
58-->src\main\AndroidManifest.xml:50:17-69
58-->src\main\AndroidManifest.xml:50:25-66
59
60                <category android:name="android.intent.category.DEFAULT" />
60-->src\main\AndroidManifest.xml:45:17-76
60-->src\main\AndroidManifest.xml:45:27-73
61                <category android:name="android.intent.category.BROWSABLE" />
61-->src\main\AndroidManifest.xml:52:17-78
61-->src\main\AndroidManifest.xml:52:27-75
62
63                <data android:mimeType="application/pdf" />
63-->src\main\AndroidManifest.xml:46:17-60
63-->src\main\AndroidManifest.xml:46:23-57
64            </intent-filter>
65            <intent-filter>
65-->src\main\AndroidManifest.xml:56:13-59:29
66                <action android:name="android.intent.action.MAIN" />
66-->src\main\AndroidManifest.xml:57:17-69
66-->src\main\AndroidManifest.xml:57:25-66
67
68                <category android:name="android.intent.category.LAUNCHER" />
68-->src\main\AndroidManifest.xml:58:17-77
68-->src\main\AndroidManifest.xml:58:27-74
69            </intent-filter>
70        </activity>
71
72        <provider
72-->[androidx.emoji2:emoji2:1.2.0] AndroidManifest.xml:24:9-32:20
73            android:name="androidx.startup.InitializationProvider"
73-->[androidx.emoji2:emoji2:1.2.0] AndroidManifest.xml:25:13-67
74            android:authorities="com.example.globalcargoprinter.androidx-startup"
74-->[androidx.emoji2:emoji2:1.2.0] AndroidManifest.xml:26:13-68
75            android:exported="false" >
75-->[androidx.emoji2:emoji2:1.2.0] AndroidManifest.xml:27:13-37
76            <meta-data
76-->[androidx.emoji2:emoji2:1.2.0] AndroidManifest.xml:29:13-31:52
77                android:name="androidx.emoji2.text.EmojiCompatInitializer"
77-->[androidx.emoji2:emoji2:1.2.0] AndroidManifest.xml:30:17-75
78                android:value="androidx.startup" />
78-->[androidx.emoji2:emoji2:1.2.0] AndroidManifest.xml:31:17-49
79            <meta-data
79-->[androidx.lifecycle:lifecycle-process:2.6.1] AndroidManifest.xml:29:13-31:52
80                android:name="androidx.lifecycle.ProcessLifecycleInitializer"
80-->[androidx.lifecycle:lifecycle-process:2.6.1] AndroidManifest.xml:30:17-78
81                android:value="androidx.startup" />
81-->[androidx.lifecycle:lifecycle-process:2.6.1] AndroidManifest.xml:31:17-49
82            <meta-data
82-->[androidx.profileinstaller:profileinstaller:1.3.0] AndroidManifest.xml:29:13-31:52
83                android:name="androidx.profileinstaller.ProfileInstallerInitializer"
83-->[androidx.profileinstaller:profileinstaller:1.3.0] AndroidManifest.xml:30:17-85
84                android:value="androidx.startup" />
84-->[androidx.profileinstaller:profileinstaller:1.3.0] AndroidManifest.xml:31:17-49
85        </provider>
86
87        <receiver
87-->[androidx.profileinstaller:profileinstaller:1.3.0] AndroidManifest.xml:34:9-52:20
88            android:name="androidx.profileinstaller.ProfileInstallReceiver"
88-->[androidx.profileinstaller:profileinstaller:1.3.0] AndroidManifest.xml:35:13-76
89            android:directBootAware="false"
89-->[androidx.profileinstaller:profileinstaller:1.3.0] AndroidManifest.xml:36:13-44
90            android:enabled="true"
90-->[androidx.profileinstaller:profileinstaller:1.3.0] AndroidManifest.xml:37:13-35
91            android:exported="true"
91-->[androidx.profileinstaller:profileinstaller:1.3.0] AndroidManifest.xml:38:13-36
92            android:permission="android.permission.DUMP" >
92-->[androidx.profileinstaller:profileinstaller:1.3.0] AndroidManifest.xml:39:13-57
93            <intent-filter>
93-->[androidx.profileinstaller:profileinstaller:1.3.0] AndroidManifest.xml:40:13-42:29
94                <action android:name="androidx.profileinstaller.action.INSTALL_PROFILE" />
94-->[androidx.profileinstaller:profileinstaller:1.3.0] AndroidManifest.xml:41:17-91
94-->[androidx.profileinstaller:profileinstaller:1.3.0] AndroidManifest.xml:41:25-88
95            </intent-filter>
96            <intent-filter>
96-->[androidx.profileinstaller:profileinstaller:1.3.0] AndroidManifest.xml:43:13-45:29
97                <action android:name="androidx.profileinstaller.action.SKIP_FILE" />
97-->[androidx.profileinstaller:profileinstaller:1.3.0] AndroidManifest.xml:44:17-85
97-->[androidx.profileinstaller:profileinstaller:1.3.0] AndroidManifest.xml:44:25-82
98            </intent-filter>
99            <intent-filter>
99-->[androidx.profileinstaller:profileinstaller:1.3.0] AndroidManifest.xml:46:13-48:29
100                <action android:name="androidx.profileinstaller.action.SAVE_PROFILE" />
100-->[androidx.profileinstaller:profileinstaller:1.3.0] AndroidManifest.xml:47:17-88
100-->[androidx.profileinstaller:profileinstaller:1.3.0] AndroidManifest.xml:47:25-85
101            </intent-filter>
102            <intent-filter>
102-->[androidx.profileinstaller:profileinstaller:1.3.0] AndroidManifest.xml:49:13-51:29
103                <action android:name="androidx.profileinstaller.action.BENCHMARK_OPERATION" />
103-->[androidx.profileinstaller:profileinstaller:1.3.0] AndroidManifest.xml:50:17-95
103-->[androidx.profileinstaller:profileinstaller:1.3.0] AndroidManifest.xml:50:25-92
104            </intent-filter>
105        </receiver>
106    </application>
107
108</manifest>